==222== Memcheck, a memory error detector
==222== Copyright (C) 2002-2017, and GNU GPL'd, by Julian Seward et al.
==222== Using Valgrind-3.13.0 and LibVEX; rerun with -h for copyright info
==222== Command: ./p011
==222== 
==222== error calling PR_SET_PTRACER, vgdb might block
==222== 
==222== Process terminating with default action of signal 2 (SIGINT)
==222==    at 0x5567BA0: __memcmp_avx2_movbe (memcmp-avx2-movbe.S:63)
==222==    by 0x4F62BC7: std::__cxx11::basic_string<char, std::char_traits<char>, std::allocator<char> >::compare(std::__cxx11::basic_string<char, std::char_traits<char>, std::allocator<char> > const&) const (in /usr/lib/x86_64-linux-gnu/libstdc++.so.6.0.25)
==222==    by 0x112AF6: LNear::borraLocalidad(std::__cxx11::basic_string<char, std::char_traits<char>, std::allocator<char> >) (LNear.cc:256)
==222==    by 0x1150B2: main (p011.cc:67)
==222== 
==222== HEAP SUMMARY:
==222==     in use at exit: 1,408 bytes in 11 blocks
==222==   total heap usage: 14 allocs, 3 frees, 78,336 bytes allocated
==222== 
==222== LEAK SUMMARY:
==222==    definitely lost: 128 bytes in 1 blocks
==222==    indirectly lost: 0 bytes in 0 blocks
==222==      possibly lost: 0 bytes in 0 blocks
==222==    still reachable: 1,280 bytes in 10 blocks
==222==         suppressed: 0 bytes in 0 blocks
==222== Rerun with --leak-check=full to see details of leaked memory
==222== 
==222== For counts of detected and suppressed errors, rerun with: -v
==222== ERROR SUMMARY: 0 errors from 0 contexts (suppressed: 0 from 0)
