==20965== Memcheck, a memory error detector
==20965== Copyright (C) 2002-2015, and GNU GPL'd, by Julian Seward et al.
==20965== Using Valgrind-3.11.0 and LibVEX; rerun with -h for copyright info
==20965== Command: ./ElMain
==20965== 
==20965== 
==20965== Process terminating with default action of signal 2 (SIGINT)
==20965==    at 0x40A2A1: LNear::insertaLocalidad(Localidad, int) (LNear.cc:200)
==20965==    by 0x40C98D: main (ElMain.cc:57)
==20965== 
==20965== HEAP SUMMARY:
==20965==     in use at exit: 73,216 bytes in 5 blocks
==20965==   total heap usage: 10 allocs, 5 frees, 77,824 bytes allocated
==20965== 
==20965== LEAK SUMMARY:
==20965==    definitely lost: 128 bytes in 1 blocks
==20965==    indirectly lost: 0 bytes in 0 blocks
==20965==      possibly lost: 0 bytes in 0 blocks
==20965==    still reachable: 73,088 bytes in 4 blocks
==20965==         suppressed: 0 bytes in 0 blocks
==20965== Rerun with --leak-check=full to see details of leaked memory
==20965== 
==20965== For counts of detected and suppressed errors, rerun with: -v
==20965== ERROR SUMMARY: 0 errors from 0 contexts (suppressed: 0 from 0)
